  [4;36;1mSQL (0.8ms)[0m   [0;1m SELECT name
 FROM sqlite_master
 WHERE type = 'table' AND NOT name = 'sqlite_sequence'
[0m
  [4;35;1mSQL (19.1ms)[0m   [0mselect sqlite_version(*)[0m
  [4;36;1mSQL (2.5ms)[0m   [0;1mCREATE TABLE "schema_migrations" ("version" varchar(255) NOT NULL) [0m
  [4;35;1mSQL (1.9ms)[0m   [0mCREATE UNIQUE INDEX "unique_schema_migrations" ON "schema_migrations" ("version")[0m
  [4;36;1mSQL (1.4ms)[0m   [0;1m SELECT name
 FROM sqlite_master
 WHERE type = 'table' AND NOT name = 'sqlite_sequence'
[0m
  [4;35;1mSQL (0.5ms)[0m   [0mSELECT version FROM schema_migrations[0m
Migrating to CreateServiceProviders (20100225193633)
  [4;36;1mSQL (1.4ms)[0m   [0;1mCREATE TABLE "service_providers" ("id" INTEGER PRIMARY KEY AUTOINCREMENT NOT NULL, "label" varchar(255), "note" text, "consumer_key" varchar(255), "consumer_secret" varchar(255), "request_token_url" varchar(255), "authorize_url" varchar(255), "access_token_url" varchar(255), "use_out_of_band" boolean, "created_at" datetime, "updated_at" datetime) [0m
  [4;35;1mSQL (0.6ms)[0m   [0mINSERT INTO schema_migrations (version) VALUES ('20100225193633')[0m
Migrating to CreateAccessTokens (20100225193801)
  [4;36;1mSQL (1.7ms)[0m   [0;1mCREATE TABLE "access_tokens" ("id" INTEGER PRIMARY KEY AUTOINCREMENT NOT NULL, "label" varchar(255), "oauth_token" varchar(255), "oauth_token_secret" varchar(255), "created_at" datetime, "updated_at" datetime) [0m
  [4;35;1mSQL (0.6ms)[0m   [0mINSERT INTO schema_migrations (version) VALUES ('20100225193801')[0m
Migrating to AddSessionTable (20100225193905)
  [4;36;1mSQL (20.0ms)[0m   [0;1mCREATE TABLE "sessions" ("id" INTEGER PRIMARY KEY AUTOINCREMENT NOT NULL, "session_id" varchar(255) NOT NULL, "data" text, "created_at" datetime, "updated_at" datetime) [0m
  [4;35;1mSQL (0.6ms)[0m   [0mCREATE INDEX "index_sessions_on_session_id" ON "sessions" ("session_id")[0m
  [4;36;1mSQL (0.5ms)[0m   [0;1mCREATE INDEX "index_sessions_on_updated_at" ON "sessions" ("updated_at")[0m
  [4;35;1mSQL (0.6ms)[0m   [0mINSERT INTO schema_migrations (version) VALUES ('20100225193905')[0m
  [4;36;1mSQL (2.0ms)[0m   [0;1m SELECT name
 FROM sqlite_master
 WHERE type = 'table' AND NOT name = 'sqlite_sequence'
[0m
  [4;35;1mSQL (1.2ms)[0m   [0mSELECT version FROM schema_migrations[0m
  [4;36;1mSQL (27.6ms)[0m   [0;1m SELECT name
 FROM sqlite_master
 WHERE type = 'table' AND NOT name = 'sqlite_sequence'
[0m
  [4;35;1mSQL (0.3ms)[0m   [0mPRAGMA index_list("access_tokens")[0m
  [4;36;1mSQL (0.3ms)[0m   [0;1mPRAGMA index_list("service_providers")[0m
  [4;35;1mSQL (1.2ms)[0m   [0mPRAGMA index_list("sessions")[0m
  [4;36;1mSQL (0.8ms)[0m   [0;1mPRAGMA index_info('index_sessions_on_updated_at')[0m
  [4;35;1mSQL (0.8ms)[0m   [0mPRAGMA index_info('index_sessions_on_session_id')[0m
  [4;36;1mSQL (18.8ms)[0m   [0;1m SELECT name
 FROM sqlite_master
 WHERE type = 'table' AND NOT name = 'sqlite_sequence'
[0m
  [4;35;1mSQL (1.8ms)[0m   [0mSELECT version FROM schema_migrations[0m
  [4;36;1mSQL (1.7ms)[0m   [0;1m SELECT name
 FROM sqlite_master
 WHERE type = 'table' AND NOT name = 'sqlite_sequence'
[0m
  [4;35;1mSQL (1.9ms)[0m   [0mSELECT version FROM schema_migrations[0m
Migrating to AddSessionTable (20100225193905)
  [4;36;1mSQL (0.8ms)[0m   [0;1mselect sqlite_version(*)[0m
  [4;35;1mSQL (1.9ms)[0m   [0mDROP TABLE "sessions"[0m
  [4;36;1mSQL (1.1ms)[0m   [0;1mDELETE FROM schema_migrations WHERE version = '20100225193905'[0m
  [4;35;1mSQL (5.0ms)[0m   [0m SELECT name
 FROM sqlite_master
 WHERE type = 'table' AND NOT name = 'sqlite_sequence'
[0m
  [4;36;1mSQL (1.1ms)[0m   [0;1mSELECT version FROM schema_migrations[0m
  [4;35;1mSQL (21.8ms)[0m   [0m SELECT name
 FROM sqlite_master
 WHERE type = 'table' AND NOT name = 'sqlite_sequence'
[0m
  [4;36;1mSQL (1.4ms)[0m   [0;1mPRAGMA index_list("access_tokens")[0m
  [4;35;1mSQL (0.6ms)[0m   [0mPRAGMA index_list("service_providers")[0m
  [4;36;1mSQL (19.6ms)[0m   [0;1m SELECT name
 FROM sqlite_master
 WHERE type = 'table' AND NOT name = 'sqlite_sequence'
[0m
  [4;35;1mSQL (1.5ms)[0m   [0mSELECT version FROM schema_migrations[0m
Migrating to CreateServiceProviders (20100225193633)
Migrating to CreateAccessTokens (20100225193801)
Migrating to AddSessionTable (20100225193905)
  [4;36;1mSQL (2.7ms)[0m   [0;1mCREATE TABLE "sessions" ("id" INTEGER PRIMARY KEY AUTOINCREMENT NOT NULL, "session_id" varchar(255) NOT NULL, "data" text, "created_at" datetime, "updated_at" datetime) [0m
  [4;35;1mSQL (0.6ms)[0m   [0mCREATE INDEX "index_sessions_on_session_id" ON "sessions" ("session_id")[0m
  [4;36;1mSQL (41.4ms)[0m   [0;1mCREATE INDEX "index_sessions_on_updated_at" ON "sessions" ("updated_at")[0m
  [4;35;1mSQL (0.5ms)[0m   [0mINSERT INTO schema_migrations (version) VALUES ('20100225193905')[0m
  [4;36;1mSQL (1.5ms)[0m   [0;1m SELECT name
 FROM sqlite_master
 WHERE type = 'table' AND NOT name = 'sqlite_sequence'
[0m
  [4;35;1mSQL (3.1ms)[0m   [0mSELECT version FROM schema_migrations[0m
  [4;36;1mSQL (2.3ms)[0m   [0;1m SELECT name
 FROM sqlite_master
 WHERE type = 'table' AND NOT name = 'sqlite_sequence'
[0m
  [4;35;1mSQL (0.3ms)[0m   [0mPRAGMA index_list("access_tokens")[0m
  [4;36;1mSQL (0.3ms)[0m   [0;1mPRAGMA index_list("service_providers")[0m
  [4;35;1mSQL (1.2ms)[0m   [0mPRAGMA index_list("sessions")[0m
  [4;36;1mSQL (22.9ms)[0m   [0;1mPRAGMA index_info('index_sessions_on_updated_at')[0m
  [4;35;1mSQL (1.4ms)[0m   [0mPRAGMA index_info('index_sessions_on_session_id')[0m
  [4;36;1mSQL (1.3ms)[0m   [0;1m SELECT name
 FROM sqlite_master
 WHERE type = 'table' AND NOT name = 'sqlite_sequence'
[0m
  [4;35;1mSQL (0.6ms)[0m   [0mselect sqlite_version(*)[0m
  [4;36;1mSQL (2.2ms)[0m   [0;1mCREATE TABLE "schema_migrations" ("version" varchar(255) NOT NULL) [0m
  [4;35;1mSQL (2.1ms)[0m   [0mCREATE UNIQUE INDEX "unique_schema_migrations" ON "schema_migrations" ("version")[0m
  [4;36;1mSQL (1.3ms)[0m   [0;1m SELECT name
 FROM sqlite_master
 WHERE type = 'table' AND NOT name = 'sqlite_sequence'
[0m
  [4;35;1mSQL (0.5ms)[0m   [0mSELECT version FROM schema_migrations[0m
Migrating to CreateServiceProviders (20100225193633)
  [4;36;1mSQL (86.1ms)[0m   [0;1mCREATE TABLE "service_providers" ("id" INTEGER PRIMARY KEY AUTOINCREMENT NOT NULL, "label" varchar(255), "note" text, "consumer_key" varchar(255), "consumer_secret" varchar(255), "request_token_url" varchar(255), "authorize_url" varchar(255), "access_token_url" varchar(255), "use_out_of_band" boolean, "created_at" datetime, "updated_at" datetime) [0m
  [4;35;1mSQL (0.9ms)[0m   [0mINSERT INTO schema_migrations (version) VALUES ('20100225193633')[0m
Migrating to CreateAccessTokens (20100225193801)
  [4;36;1mSQL (1.6ms)[0m   [0;1mCREATE TABLE "access_tokens" ("id" INTEGER PRIMARY KEY AUTOINCREMENT NOT NULL, "label" varchar(255), "oauth_token" varchar(255), "oauth_token_secret" varchar(255), "service_provider_id" integer, "created_at" datetime, "updated_at" datetime) [0m
  [4;35;1mSQL (0.5ms)[0m   [0mINSERT INTO schema_migrations (version) VALUES ('20100225193801')[0m
Migrating to AddSessionTable (20100225193905)
  [4;36;1mSQL (1.2ms)[0m   [0;1mCREATE TABLE "sessions" ("id" INTEGER PRIMARY KEY AUTOINCREMENT NOT NULL, "session_id" varchar(255) NOT NULL, "data" text, "created_at" datetime, "updated_at" datetime) [0m
  [4;35;1mSQL (0.5ms)[0m   [0mCREATE INDEX "index_sessions_on_session_id" ON "sessions" ("session_id")[0m
  [4;36;1mSQL (1.2ms)[0m   [0;1mCREATE INDEX "index_sessions_on_updated_at" ON "sessions" ("updated_at")[0m
  [4;35;1mSQL (2.8ms)[0m   [0mINSERT INTO schema_migrations (version) VALUES ('20100225193905')[0m
  [4;36;1mSQL (1.5ms)[0m   [0;1m SELECT name
 FROM sqlite_master
 WHERE type = 'table' AND NOT name = 'sqlite_sequence'
[0m
  [4;35;1mSQL (1.0ms)[0m   [0mSELECT version FROM schema_migrations[0m
  [4;36;1mSQL (1.1ms)[0m   [0;1m SELECT name
 FROM sqlite_master
 WHERE type = 'table' AND NOT name = 'sqlite_sequence'
[0m
  [4;35;1mSQL (0.2ms)[0m   [0mPRAGMA index_list("access_tokens")[0m
  [4;36;1mSQL (0.2ms)[0m   [0;1mPRAGMA index_list("service_providers")[0m
  [4;35;1mSQL (0.7ms)[0m   [0mPRAGMA index_list("sessions")[0m
  [4;36;1mSQL (0.5ms)[0m   [0;1mPRAGMA index_info('index_sessions_on_updated_at')[0m
  [4;35;1mSQL (0.5ms)[0m   [0mPRAGMA index_info('index_sessions_on_session_id')[0m


Processing ServiceProvidersController#index (for 127.0.0.1 at 2010-02-26 09:34:53) [GET]
  [4;36;1mServiceProvider Load (0.6ms)[0m   [0;1mSELECT * FROM "service_providers" [0m
Rendering template within layouts/service_providers
Rendering service_providers/index
Completed in 407ms (View: 285, DB: 1) | 200 OK [http://localhost/service_providers]


Processing ServiceProvidersController#index (for 127.0.0.1 at 2010-02-26 09:35:41) [GET]
  [4;35;1mServiceProvider Load (1.7ms)[0m   [0mSELECT * FROM "service_providers" [0m
Rendering template within layouts/service_providers
Rendering service_providers/index
Completed in 125ms (View: 7, DB: 3) | 200 OK [http://localhost/service_providers]


Processing ServiceProvidersController#index (for 127.0.0.1 at 2010-02-26 09:35:47) [GET]
  [4;36;1mServiceProvider Load (0.6ms)[0m   [0;1mSELECT * FROM "service_providers" [0m
Rendering template within layouts/service_providers
Rendering service_providers/index
Completed in 17ms (View: 12, DB: 1) | 200 OK [http://localhost/service_providers]


Processing ServiceProvidersController#index (for 127.0.0.1 at 2010-02-26 09:59:29) [GET]
  [4;36;1mServiceProvider Load (0.6ms)[0m   [0;1mSELECT * FROM "service_providers" [0m
Rendering template within layouts/application
Rendering service_providers/index

ActionView::TemplateError (undefined local variable or method `title' for #<ActionView::Base:0x101dd8b58>) on line #7 of app/views/layouts/application.html.erb:
4: <html xmlns="http://www.w3.org/1999/xhtml" xml:lang="en" lang="en">
5: <head>
6:   <meta http-equiv="content-type" content="text/html;charset=UTF-8" />
7:   <title>OAuth Dancer: <%= title %></title>
8:   <%= stylesheet_link_tag 'scaffold', 'simple_beauty' %>
9: </head>
10: <body>

    app/views/layouts/application.html.erb:7
    app/controllers/service_providers_controller.rb:7:in `index'

Rendered rescues/_trace (56.8ms)
Rendered rescues/_request_and_response (1.1ms)
Rendering rescues/layout (internal_server_error)


Processing ServiceProvidersController#index (for 127.0.0.1 at 2010-02-26 09:59:58) [GET]
  [4;35;1mServiceProvider Load (0.5ms)[0m   [0mSELECT * FROM "service_providers" [0m
Rendering template within layouts/application
Rendering service_providers/index
Completed in 13ms (View: 6, DB: 1) | 200 OK [http://localhost/service_providers]


Processing ServiceProvidersController#index (for 127.0.0.1 at 2010-02-26 10:00:36) [GET]
  [4;36;1mServiceProvider Load (0.4ms)[0m   [0;1mSELECT * FROM "service_providers" [0m
Rendering template within layouts/application
Rendering service_providers/index
Completed in 13ms (View: 7, DB: 1) | 200 OK [http://localhost/service_providers]


Processing ServiceProvidersController#index (for 127.0.0.1 at 2010-02-26 10:00:41) [GET]
  [4;35;1mServiceProvider Load (0.5ms)[0m   [0mSELECT * FROM "service_providers" [0m
Rendering template within layouts/application
Rendering service_providers/index
Completed in 111ms (View: 104, DB: 1) | 200 OK [http://localhost/service_providers]


Processing ServiceProvidersController#index (for 127.0.0.1 at 2010-02-26 10:01:32) [GET]
  [4;36;1mServiceProvider Load (0.6ms)[0m   [0;1mSELECT * FROM "service_providers" [0m
Rendering template within layouts/application
Rendering service_providers/index
Completed in 23ms (View: 7, DB: 1) | 200 OK [http://localhost/service_providers]


Processing ServiceProvidersController#index (for 127.0.0.1 at 2010-02-26 10:01:47) [GET]
  [4;35;1mServiceProvider Load (0.7ms)[0m   [0mSELECT * FROM "service_providers" [0m
Rendering template within layouts/application
Rendering service_providers/index
Completed in 13ms (View: 7, DB: 1) | 200 OK [http://localhost/service_providers]


Processing ServiceProvidersController#index (for 127.0.0.1 at 2010-02-26 10:01:56) [GET]
  [4;36;1mServiceProvider Load (8.6ms)[0m   [0;1mSELECT * FROM "service_providers" [0m
Rendering template within layouts/application
Rendering service_providers/index
Completed in 17ms (View: 3, DB: 9) | 200 OK [http://localhost/service_providers]


Processing ServiceProvidersController#index (for 127.0.0.1 at 2010-02-26 10:02:16) [GET]
  [4;35;1mServiceProvider Load (0.5ms)[0m   [0mSELECT * FROM "service_providers" [0m
Rendering template within layouts/application
Rendering service_providers/index
Completed in 9ms (View: 3, DB: 1) | 200 OK [http://localhost/service_providers]


Processing ServiceProvidersController#index (for 127.0.0.1 at 2010-02-26 10:02:17) [GET]
  [4;36;1mServiceProvider Load (0.5ms)[0m   [0;1mSELECT * FROM "service_providers" [0m
Rendering template within layouts/application
Rendering service_providers/index
Completed in 169ms (View: 3, DB: 1) | 200 OK [http://localhost/service_providers]


Processing ServiceProvidersController#index (for 127.0.0.1 at 2010-02-26 10:02:22) [GET]
  [4;35;1mServiceProvider Load (0.6ms)[0m   [0mSELECT * FROM "service_providers" [0m
Rendering template within layouts/application
Rendering service_providers/index
Completed in 9ms (View: 3, DB: 1) | 200 OK [http://localhost/service_providers]


Processing ServiceProvidersController#index (for 127.0.0.1 at 2010-02-26 10:02:32) [GET]
  [4;36;1mServiceProvider Load (0.6ms)[0m   [0;1mSELECT * FROM "service_providers" [0m
Rendering template within layouts/application
Rendering service_providers/index
Completed in 10ms (View: 4, DB: 1) | 200 OK [http://localhost/service_providers]


Processing ServiceProvidersController#index (for 127.0.0.1 at 2010-02-26 10:02:38) [GET]
  [4;35;1mServiceProvider Load (0.4ms)[0m   [0mSELECT * FROM "service_providers" [0m
Rendering template within layouts/application
Rendering service_providers/index
Completed in 9ms (View: 2, DB: 1) | 200 OK [http://localhost/service_providers]


Processing ServiceProvidersController#index (for 127.0.0.1 at 2010-02-26 10:02:40) [GET]
  [4;36;1mServiceProvider Load (0.5ms)[0m   [0;1mSELECT * FROM "service_providers" [0m
Rendering template within layouts/application
Rendering service_providers/index
Completed in 8ms (View: 2, DB: 1) | 200 OK [http://localhost/service_providers]


Processing ServiceProvidersController#index (for 127.0.0.1 at 2010-02-26 10:02:40) [GET]
  [4;35;1mServiceProvider Load (0.5ms)[0m   [0mSELECT * FROM "service_providers" [0m
Rendering template within layouts/application
Rendering service_providers/index
Completed in 8ms (View: 2, DB: 1) | 200 OK [http://localhost/service_providers]


Processing ServiceProvidersController#index (for 127.0.0.1 at 2010-02-26 10:02:47) [GET]
  [4;36;1mServiceProvider Load (0.8ms)[0m   [0;1mSELECT * FROM "service_providers" [0m
Rendering template within layouts/application
Rendering service_providers/index
Completed in 13ms (View: 3, DB: 1) | 200 OK [http://localhost/service_providers]


Processing ServiceProvidersController#index (for 127.0.0.1 at 2010-02-26 10:02:51) [GET]
  [4;35;1mServiceProvider Load (0.4ms)[0m   [0mSELECT * FROM "service_providers" [0m
Rendering template within layouts/application
Rendering service_providers/index
Completed in 9ms (View: 4, DB: 1) | 200 OK [http://localhost/service_providers]


Processing ServiceProvidersController#index (for 127.0.0.1 at 2010-02-26 10:03:02) [GET]
  [4;36;1mServiceProvider Load (0.5ms)[0m   [0;1mSELECT * FROM "service_providers" [0m
Rendering template within layouts/application
Rendering service_providers/index
Completed in 12ms (View: 2, DB: 1) | 200 OK [http://localhost/service_providers]


Processing ServiceProvidersController#index (for 127.0.0.1 at 2010-02-26 10:03:14) [GET]
  [4;35;1mServiceProvider Load (0.5ms)[0m   [0mSELECT * FROM "service_providers" [0m
Rendering template within layouts/application
Rendering service_providers/index
Completed in 8ms (View: 2, DB: 1) | 200 OK [http://localhost/service_providers]


Processing ServiceProvidersController#index (for 127.0.0.1 at 2010-02-26 10:03:26) [GET]
  [4;36;1mServiceProvider Load (1.1ms)[0m   [0;1mSELECT * FROM "service_providers" [0m
Rendering template within layouts/application
Rendering service_providers/index
Completed in 9ms (View: 3, DB: 2) | 200 OK [http://localhost/service_providers]


Processing ServiceProvidersController#index (for 127.0.0.1 at 2010-02-26 10:03:37) [GET]
  [4;35;1mServiceProvider Load (1.2ms)[0m   [0mSELECT * FROM "service_providers" [0m
Rendering template within layouts/application
Rendering service_providers/index
Completed in 13ms (View: 7, DB: 2) | 200 OK [http://localhost/service_providers]


Processing ServiceProvidersController#index (for 127.0.0.1 at 2010-02-26 10:03:42) [GET]
  [4;36;1mServiceProvider Load (0.5ms)[0m   [0;1mSELECT * FROM "service_providers" [0m
Rendering template within layouts/application
Rendering service_providers/index
Completed in 9ms (View: 3, DB: 1) | 200 OK [http://localhost/service_providers]


Processing ServiceProvidersController#index (for 127.0.0.1 at 2010-02-26 10:04:11) [GET]
  [4;35;1mServiceProvider Load (9.0ms)[0m   [0mSELECT * FROM "service_providers" [0m
Rendering template within layouts/application
Rendering service_providers/index
Completed in 29ms (View: 7, DB: 10) | 200 OK [http://localhost/service_providers]


Processing ServiceProvidersController#new (for 127.0.0.1 at 2010-02-26 10:04:24) [GET]
Rendering template within layouts/application
Rendering service_providers/new
Completed in 137ms (View: 126, DB: 1) | 200 OK [http://localhost/service_providers/new]
